

********** runner_test-0717-1826 **********
    
--- runner_test -- test-server -- 0717-1826 ---

 +++++ Actions Log Entries +++++
  -------- Failed run. --------

 +++++ Error Log Entries +++++
/usr/local/bin/runner: line 245: runner_test: command not found
  -------- Failed run. --------

+++++ End +++++


********** runner_test-0717-1834 **********
    
--- runner_test -- test-server -- 0717-1834 ---

 +++++ Actions Log Entries +++++
  -------- Failed run. --------

 +++++ Error Log Entries +++++
/usr/local/bin/runner: line 245: runner_test: command not found
  -------- Failed run. --------

+++++ End +++++


********** runner_test-0717-1835 **********
    
--- runner_test -- test-server -- 0717-1835 ---

 +++++ Actions Log Entries +++++
  -------- Failed run. --------

 +++++ Error Log Entries +++++
/usr/local/bin/runner: line 245: runner_test: command not found
  -------- Failed run. --------

+++++ End +++++


********** runner_test-0717-1836 **********
    
--- runner_test -- test-server -- 0717-1836 ---

 +++++ Actions Log Entries +++++
  -------- Failed run. --------

 +++++ Error Log Entries +++++
/usr/local/bin/runner: line 245: runner_test: command not found
  -------- Failed run. --------

+++++ End +++++


********** runner_test-0717-1839 **********
    
--- runner_test -- test-server -- 0717-1839 ---

 +++++ Actions Log Entries +++++
  -------- Failed run. --------

 +++++ Error Log Entries +++++
/usr/local/bin/runner: line 245: runner_test: command not found
  -------- Failed run. --------

+++++ End +++++


********** demo-0717-1840 **********
    
--- demo -- test-server -- 0717-1840 ---
This is a test of a run file
with a test script. It should create two
files in /tmp
 +++++ Actions Log Entries +++++
  ---- Running As Superuser ----
writing simple1
writing simple2
  -------- Failed run. --------

 +++++ Error Log Entries +++++
  -------- Failed run. --------

+++++ End +++++


********** demo_with_test-0717-1841 **********
    
--- demo_with_test -- test-server -- 0717-1841 ---
This is a test of a run file
with a test script. It should create two
files in /tmp
 +++++ Actions Log Entries +++++
  ---- Running As Superuser ----
writing simple1
writing simple2
  -------- Failed run. --------

 +++++ Error Log Entries +++++
  -------- Failed run. --------

+++++ End +++++


********** demo_with_test-0717-1844 **********
    
--- demo_with_test -- test-server -- 0717-1844 ---
This is a test of a run file
with a test script. It should create two
files in /tmp
 +++++ Actions Log Entries +++++
  ---- Running As Superuser ----
writing simple1
writing simple2
  -------- Failed run. --------

 +++++ Error Log Entries +++++
  -------- Failed run. --------

+++++ End +++++


********** runner_test-0717-1849 **********
    
--- runner_test -- test-server -- 0717-1849 ---

 +++++ Actions Log Entries +++++
  -------- Failed run. --------

 +++++ Error Log Entries +++++
/home/master/CodeDevelopment/systemApps/runner.sh: line 245: runner_test: command not found
  -------- Failed run. --------

+++++ End +++++


********** runner_test-0717-1851 **********
    
--- runner_test -- test-server -- 0717-1851 ---

 +++++ Actions Log Entries +++++
writing simple1
writing simple2
  -------- Successful run. --------

+++++ End +++++


********** demo-0717-1852 **********
    
--- demo -- test-server -- 0717-1852 ---
This is a test of a run file
with a test script. It should create two
files in /tmp
 +++++ Actions Log Entries +++++
  ---- Running As Superuser ----
  -------- Failed run. --------

 +++++ Error Log Entries +++++
  -------- Failed run. --------

+++++ End +++++


********** demo-0717-1853 **********
    
--- demo -- test-server -- 0717-1853 ---
This is a test of a run file
with a test script. It should create two
files in /tmp
 +++++ Actions Log Entries +++++
  ---- Running As Superuser ----
writing simple1
writing simple2
  -------- Failed run. --------

 +++++ Error Log Entries +++++
  -------- Failed run. --------

+++++ End +++++


********** demo_with_test-0717-1854 **********
    
--- demo_with_test -- test-server -- 0717-1854 ---
This is a test of a run file
with a test script. It should create two
files in /tmp
 +++++ Actions Log Entries +++++
  ---- Running As Superuser ----
writing simple1
writing simple2
  -------- Failed run. --------

 +++++ Error Log Entries +++++
  -------- Failed run. --------

+++++ End +++++


********** demo_with_test-0717-2028 **********
    
--- demo_with_test -- test-server -- 0717-2028 ---
This is a test of a run file
with a test script. It should create two
files in /tmp
 +++++ Actions Log Entries +++++
  ---- Running As Superuser ----
writing simple1
writing simple2
  -------- Failed run. --------

 +++++ Error Log Entries +++++
  -------- Failed run. --------

+++++ End +++++


********** demo_with_test-0717-2031 **********
    
--- demo_with_test -- test-server -- 0717-2031 ---
This is a test of a run file
with a test script. It should create two
files in /tmp
 +++++ Actions Log Entries +++++
  ---- Running As Superuser ----
writing simple1
writing simple2
  -------- Failed run. --------

 +++++ Error Log Entries +++++
  -------- Failed run. --------

+++++ End +++++


********** demo-0717-2032 **********
    
--- demo -- test-server -- 0717-2032 ---
This is a test of a run file
with a test script. It should create two
files in /tmp
 +++++ Actions Log Entries +++++
  ---- Running As Superuser ----
writing simple1
writing simple2
  -------- Failed run. --------

 +++++ Error Log Entries +++++
  -------- Failed run. --------

+++++ End +++++


********** runner_test-0717-2039 **********
    
--- runner_test -- test-server -- 0717-2039 ---

 +++++ Actions Log Entries +++++
writing simple1
writing simple2
  -------- Successful run. --------

+++++ End +++++


********** demo-0717-2045 **********
    
--- demo -- test-server -- 0717-2045 ---
This is a test of a run file
with a test script. It should create two
files in /tmp
 +++++ Actions Log Entries +++++
  ---- Running As Superuser ----
writing simple1
writing simple2
  -------- Failed run. --------

 +++++ Error Log Entries +++++
  -------- Failed run. --------

+++++ End +++++


********** demo-0717-2047 **********
    
--- demo -- test-server -- 0717-2047 ---
This is a test of a run file
with a test script. It should create two
files in /tmp
 +++++ Actions Log Entries +++++
  ---- Running As Superuser ----
writing simple1
writing simple2
  -------- Failed run. --------

 +++++ Error Log Entries +++++
  -------- Failed run. --------

+++++ End +++++


********** demo-0717-2050 **********
    
--- demo -- test-server -- 0717-2050 ---
This is a test of a run file
with a test script. It should create two
files in /tmp
 +++++ Actions Log Entries +++++
  ---- Running As Superuser ----
writing simple1
writing simple2
  -------- Failed run. --------

 +++++ Error Log Entries +++++
  -------- Failed run. --------

+++++ End +++++


********** demo-0717-2050 **********
    
--- demo -- test-server -- 0717-2050 ---

 +++++ Actions Log Entries +++++
  ---- Running As Superuser ----
writing simple1
writing simple2
  -------- Failed run. --------

 +++++ Error Log Entries +++++
  -------- Failed run. --------
mkdir: cannot create directory ‘/tmp/demo-0717-2050’: File exists

Could not make the directory /tmp/demo-0717-2050.

+++++ End +++++


********** demo-0717-2051 **********
    
--- demo -- test-server -- 0717-2051 ---
This is a test of a run file
with a test script. It should create two
files in /tmp
 +++++ Actions Log Entries +++++
  ---- Running As Superuser ----
writing simple1
writing simple2
  -------- Failed run. --------

 +++++ Error Log Entries +++++
  -------- Failed run. --------

+++++ End +++++


********** runner_test-0717-2051 **********
    
--- runner_test -- test-server -- 0717-2051 ---

 +++++ Actions Log Entries +++++
writing simple1
writing simple2
  -------- Successful run. --------

+++++ End +++++


********** runner_test-0717-2228 **********
    
--- runner_test -- test-server -- 0717-2228 ---

 +++++ Actions Log Entries +++++
writing simple1
writing simple2
  -------- Successful run. --------

+++++ End +++++


********** runner_test-0717-2237 **********
    
--- runner_test -- test-server -- 0717-2237 ---

 +++++ Actions Log Entries +++++
writing simple1
writing simple2
  -------- Successful run. --------

+++++ End +++++


********** demo_with_test-0717-2238 **********
    
--- demo_with_test -- test-server -- 0717-2238 ---
This is a test of a run file
with a test script. It should create two
files in /tmp
 +++++ Actions Log Entries +++++
  ---- Running As Superuser ----
writing simple1
writing simple2
  ---- Performing Test ----
  ---- Testing As Superuser ----
computing md5sum checksum for each file
ca9f3f3ee76d25bb4cc16aed8d3cc548  /tmp/simple1
83facf2a6f48c7b2dcd5ed6b0c6620ee  /tmp/simple2
computing md5sum checksum for each file
ca9f3f3ee76d25bb4cc16aed8d3cc548  /tmp/simple1
83facf2a6f48c7b2dcd5ed6b0c6620ee  /tmp/simple2
  -------- Failed run. --------

 +++++ Error Log Entries +++++
  ---- Performing Test ----
  -------- Failed run. --------

+++++ End +++++


********** demo_with_test-0717-2239 **********
    
--- demo_with_test -- test-server -- 0717-2239 ---
This is a test of a run file
with a test script. It should create two
files in /tmp
 +++++ Actions Log Entries +++++
  ---- Running As Superuser ----
writing simple1
writing simple2
  ---- Performing Test ----
  ---- Testing As Superuser ----
computing md5sum checksum for each file
ca9f3f3ee76d25bb4cc16aed8d3cc548  /tmp/simple1
83facf2a6f48c7b2dcd5ed6b0c6620ee  /tmp/simple2
  -------- Successful run. --------

 +++++ Error Log Entries +++++
  ---- Performing Test ----

+++++ End +++++


********** monitor-0717-2309 **********
    
--- monitor -- test-server -- 0717-2309 ---
This is a test of a run file
that does not use sudo. It will fail if one of the
other test files that write the sample files in /tmp
have been run but will pass if /tmp/simple1 and /tmp/simple2 
do not exist.
 +++++ Actions Log Entries +++++
writing simple1
writing simple2
  -------- Successful run. --------

+++++ End +++++


********** monitor-0717-2310 **********
    
--- monitor -- test-server -- 0717-2310 ---
This is a test of a run file
that does not use sudo. It will fail if one of the
other test files that write the sample files in /tmp
have been run but will pass if /tmp/simple1 and /tmp/simple2 
do not exist.
 +++++ Actions Log Entries +++++
writing simple1
writing simple2
  -------- Successful run. --------

+++++ End +++++


********** with_test-0717-2315 **********
    
--- with_test -- test-server -- 0717-2315 ---
This is a test of a run file
with a test script. It should create two
files in /tmp
 +++++ Actions Log Entries +++++
  ---- Running As Superuser ----
writing simple1
writing simple2
  ---- Performing Test ----
  ---- Testing As Superuser ----
  -------- Failed run. --------

 +++++ Error Log Entries +++++
  ---- Performing Test ----
/bin/bash: /tmp/with_test-0717-2315test.sh: No such file or directory
  -------- Failed run. --------

+++++ End +++++


********** with_test-0717-2316 **********
    
--- with_test -- test-server -- 0717-2316 ---
This is a test of a run file
with a test script. It should create two
files in /tmp
 +++++ Actions Log Entries +++++
  ---- Running As Superuser ----
writing simple1
writing simple2
  ---- Performing Test ----
  ---- Testing As Superuser ----
  -------- Failed run. --------

 +++++ Error Log Entries +++++
  ---- Performing Test ----
/bin/bash: /tmp/with_test-0717-2316test.sh: No such file or directory
  -------- Failed run. --------

+++++ End +++++


********** with_test-0717-2317 **********
    
--- with_test -- test-server -- 0717-2317 ---
This is a test of a run file
with a test script. It should create two
files in /tmp
 +++++ Actions Log Entries +++++
  ---- Running As Superuser ----
writing simple1
writing simple2
  ---- Performing Test ----
  ---- Testing As Superuser ----
computing md5sum checksum for each file
ca9f3f3ee76d25bb4cc16aed8d3cc548  /tmp/simple1
83facf2a6f48c7b2dcd5ed6b0c6620ee  /tmp/simple2
  -------- Successful run. --------

 +++++ Error Log Entries +++++
  ---- Performing Test ----

+++++ End +++++


********** monitor-0717-2336 **********
    
--- monitor -- test-server -- 0717-2336 ---
This is a test of a run file
that does not use sudo. It will fail if one of the
other test files that write the sample files in /tmp
have been run but will pass if /tmp/simple1 and /tmp/simple2 
do not exist.
 +++++ Actions Log Entries +++++
writing simple1
writing simple2
  -------- Successful run. --------

+++++ End +++++


********** CiscoInstall-0717-2337 **********
    
--- CiscoInstall -- test-server -- 0717-2337 ---

 +++++ Actions Log Entries +++++
  ---- Running As Superuser ----
Cisco Network Simulator has not yet been installed and tested on the OS Copy partition. Please reboot and select MainServer Copy Disk 1 (the third menu choice) on the boot screen menu and install on that copy of the OS. Then boot from that partition for thorough testing before installing on this primary OS partition. You cannot install on this partition at this time.
  -------- Failed run. --------

 +++++ Error Log Entries +++++
Cisco Network Simulator has not yet been installed and tested on the OS Copy partition. Please reboot and select MainServer Copy Disk 1 (the third menu choice) on the boot screen menu and install on that copy of the OS. Then boot from that partition for thorough testing before installing on this primary OS partition. You cannot install on this partition at this time.
  -------- Failed run. --------

+++++ End +++++


********** CiscoInstall-0718-0849 **********
    
--- CiscoInstall -- test-server -- 0718-0849 ---

 +++++ Actions Log Entries +++++
  ---- Running As Superuser ----
Already downloaded.
Starting uncompression and file extraction.
Extraction complete. Starting file install.
All files in place. Starting generation programs.
Parallel mksquashfs: Using 4 processors
Creating 4.0 filesystem on /opt/ltsp/images/amd64.img.tmp, block size 131072.
[=========\                                                  ] 12400/80807  15%[=========================/                                  ] 35300/80807  43%[==============================================-             ] 63900/80807  79%[===========================================================|] 80807/80807 100%

Exportable Squashfs 4.0 filesystem, gzip compressed, data block size 131072
	compressed data, compressed metadata, compressed fragments, compressed xattrs
	duplicates are removed
Filesystem size 1481834.71 Kbytes (1447.10 Mbytes)
	44.64% of uncompressed filesystem size (3319159.23 Kbytes)
Inode table size 1025633 bytes (1001.59 Kbytes)
	26.97% of uncompressed inode table size (3803238 bytes)
Directory table size 924965 bytes (903.29 Kbytes)
	40.27% of uncompressed directory table size (2296761 bytes)
Number of duplicate files found 4260
Number of inodes 92288
Number of files 61543
Number of fragments 6227
Number of symbolic links  23624
Number of device nodes 80
Number of fifo nodes 0
Number of socket nodes 0
Number of directories 7041
Number of ids (unique uids + gids) 22
Number of uids 6
	root (0)
	man (6)
	avahi-autoipd (110)
	_apt (105)
	colord (112)
	syslog (104)
Number of gids 19
	root (0)
	video (44)
	audio (29)
	tty (5)
	kmem (15)
	disk (6)
	shadow (42)
	crontab (107)
	utmp (43)
	uuidd (111)
	games (60)
	messagebus (110)
	sysmonitor (143)
	staff (50)
	ssh (118)
	nogroup (65534)
	adm (4)
	syslog (108)
	mail (8)
Updating /var/lib/tftpboot directories for chroot: amd64
Parallel mksquashfs: Using 4 processors
Creating 4.0 filesystem on /opt/ltsp/images/i386.img.tmp, block size 131072.
[================\                                           ] 27100/98478  27%[===================\                                        ] 31800/98478  32%[======================\                                     ] 37800/98478  38%[===========================================================/] 98478/98478 100%

Exportable Squashfs 4.0 filesystem, gzip compressed, data block size 131072
	compressed data, compressed metadata, compressed fragments, compressed xattrs
	duplicates are removed
Filesystem size 1591744.22 Kbytes (1554.44 Mbytes)
	45.17% of uncompressed filesystem size (3523826.64 Kbytes)
Inode table size 1246755 bytes (1217.53 Kbytes)
	27.43% of uncompressed inode table size (4545620 bytes)
Directory table size 1158071 bytes (1130.93 Kbytes)
	41.47% of uncompressed directory table size (2792508 bytes)
Number of duplicate files found 4294
Number of inodes 115147
Number of files 79799
Number of fragments 8588
Number of symbolic links  25309
Number of device nodes 80
Number of fifo nodes 1
Number of socket nodes 0
Number of directories 9958
Number of ids (unique uids + gids) 22
Number of uids 6
	root (0)
	man (6)
	avahi-autoipd (110)
	_apt (105)
	colord (112)
	syslog (104)
Number of gids 19
	root (0)
	video (44)
	audio (29)
	tty (5)
	kmem (15)
	disk (6)
	adm (4)
	shadow (42)
	crontab (107)
	utmp (43)
	uuidd (111)
	games (60)
	messagebus (110)
	sysmonitor (143)
	staff (50)
	whoopsie (116)
	nogroup (65534)
	syslog (108)
	mail (8)
Updating /var/lib/tftpboot directories for chroot: i386
Created /etc/nbd-server/conf.d/ltsp_amd64.conf
Replaced home directory for student1
Replaced home directory for student2
Replaced home directory for student3
Replaced home directory for student4
Replaced home directory for student5
Replaced home directory for student6
Replaced home directory for student7
Replaced home directory for student8
Replaced home directory for student9
Replaced home directory for student10
Replaced home directory for student11
Replaced home directory for student12
Replaced home directory for student13
Replaced home directory for student14
Replaced home directory for student15
Replaced home directory for student16
Replaced home directory for student17
Replaced home directory for student18
Replaced home directory for student19
Replaced home directory for student20
Replaced home directory for student21
Replaced home directory for student22
Replaced home directory for student23
Replaced home directory for student24
Replaced home directory for student25
Replaced home directory for student26
Replaced home directory for student27
Replaced home directory for student28
Replaced home directory for student29
Replaced home directory for student30
Replaced home directory for student31
Replaced home directory for student32
Replaced home directory for student33
Replaced home directory for student34
Replaced home directory for student35
Install complete. Please reboot to this OS.
  -------- Successful run. --------

 +++++ Error Log Entries +++++
/tmp/CiscoInstall-0718-0849/run.sh: line 33:  5814 Terminated              zenity --info --text="Performing uncompression and file extraction." &> /dev/null

+++++ End +++++


********** Feb2020LtspUpdate-0316-0932 **********
    
--- Feb2020LtspUpdate -- osoligi-main-server -- 0316-0932 ---

 +++++ Actions Log Entries +++++
  ---- Running As Superuser ----
rsyncing additional content in /client_home/EducationalMaterial
completion status 0
updating some programs in /usr/local for better rebuild of student directories
completion status 0
rebuilding student image from student.tgz
completed student_image build
Finished update.
  -------- Successful run. --------

 +++++ Error Log Entries +++++
rm: cannot remove 'student_image': No such file or directory

+++++ End +++++


********** July2020RunnerUpdate-0715-0945 **********
    
--- July2020RunnerUpdate -- osoligi-main-server -- 0715-0945 ---

 +++++ Actions Log Entries +++++
New compression program zstd and runner program installed
  -------- Successful run. --------

 +++++ Error Log Entries +++++
dpkg: error: requested operation requires superuser privilege
dpkg: error: requested operation requires superuser privilege

+++++ End +++++


********** July2020LtspUpdate-0715-0946 **********
    
--- July2020LtspUpdate -- main-server -- 0715-0946 ---

 +++++ Actions Log Entries +++++

 +++++ Error Log Entries +++++
/usr/local/bin/runner: line 228: /usr/bin/zstdcat: No such file or directory
tar: This does not look like a tar archive
tar: Exiting with failure status due to previous errors
/usr/bin/lzcat: /media/sysadmin/B363-29E6/LtspJuly2020Update/July2020LtspUpdate.run: File format not recognized
tar: This does not look like a tar archive
tar: Exiting with failure status due to previous errors

Could not unpack /media/sysadmin/B363-29E6/LtspJuly2020Update/July2020LtspUpdate.run

+++++ End +++++


********** July2020LtspUpdate-0715-0946 **********
    
--- July2020LtspUpdate -- main-server -- 0715-0946 ---

 +++++ Actions Log Entries +++++

 +++++ Error Log Entries +++++
/usr/local/bin/runner: line 228: /usr/bin/zstdcat: No such file or directory
tar: This does not look like a tar archive
tar: Exiting with failure status due to previous errors
/usr/bin/lzcat: /media/sysadmin/B363-29E6/LtspJuly2020Update/July2020LtspUpdate.run: File format not recognized
tar: This does not look like a tar archive
tar: Exiting with failure status due to previous errors

Could not unpack /media/sysadmin/B363-29E6/LtspJuly2020Update/July2020LtspUpdate.run
mkdir: cannot create directory ‘/tmp/July2020LtspUpdate-0715-0946’: File exists

Could not make the directory /tmp/July2020LtspUpdate-0715-0946.

+++++ End +++++


********** July2020LtspUpdate-0715-0948 **********
    
--- July2020LtspUpdate -- main-server -- 0715-0948 ---

 +++++ Actions Log Entries +++++

 +++++ Error Log Entries +++++
/usr/local/bin/runner: line 228: /usr/bin/zstdcat: No such file or directory
tar: This does not look like a tar archive
tar: Exiting with failure status due to previous errors
/usr/bin/lzcat: /media/sysadmin/B363-29E6/LtspJuly2020Update/July2020LtspUpdate.run: File format not recognized
tar: This does not look like a tar archive
tar: Exiting with failure status due to previous errors

Could not unpack /media/sysadmin/B363-29E6/LtspJuly2020Update/July2020LtspUpdate.run

+++++ End +++++


********** July2020RunnerUpdate-0715-0949 **********
    
--- July2020RunnerUpdate -- main-server -- 0715-0949 ---

 +++++ Actions Log Entries +++++
New compression program zstd and runner program installed
  -------- Successful run. --------

 +++++ Error Log Entries +++++
dpkg: error: requested operation requires superuser privilege
dpkg: error: requested operation requires superuser privilege

+++++ End +++++


********** July2020LtspUpdate-0715-0949 **********
    
--- July2020LtspUpdate -- main-server -- 0715-0949 ---

 +++++ Actions Log Entries +++++

 +++++ Error Log Entries +++++
/usr/local/bin/runner: line 228: /usr/bin/zstdcat: No such file or directory
tar: This does not look like a tar archive
tar: Exiting with failure status due to previous errors
/usr/bin/lzcat: /media/sysadmin/B363-29E6/LtspJuly2020Update/July2020LtspUpdate.run: File format not recognized
tar: This does not look like a tar archive
tar: Exiting with failure status due to previous errors

Could not unpack /media/sysadmin/B363-29E6/LtspJuly2020Update/July2020LtspUpdate.run

+++++ End +++++


********** July2020LtspUpdate-0715-0952 **********
    
--- July2020LtspUpdate -- main-server -- 0715-0952 ---

 +++++ Actions Log Entries +++++

 +++++ Error Log Entries +++++
/usr/local/bin/runner: line 228: /usr/bin/zstdcat: No such file or directory
tar: This does not look like a tar archive
tar: Exiting with failure status due to previous errors
/usr/bin/lzcat: /media/sysadmin/B363-29E6/LtspJuly2020Update/July2020LtspUpdate.run: File format not recognized
tar: This does not look like a tar archive
tar: Exiting with failure status due to previous errors

Could not unpack /media/sysadmin/B363-29E6/LtspJuly2020Update/July2020LtspUpdate.run

+++++ End +++++


********** July2020LtspUpdate-0715-0956 **********
    
--- July2020LtspUpdate -- main-server -- 0715-0956 ---

 +++++ Actions Log Entries +++++

 +++++ Error Log Entries +++++
/usr/local/bin/runner: line 228: /usr/bin/zstdcat: No such file or directory
tar: This does not look like a tar archive
tar: Exiting with failure status due to previous errors
/usr/bin/lzcat: /media/sysadmin/B363-29E6/LtspJuly2020Update/July2020LtspUpdate.run: File format not recognized
tar: This does not look like a tar archive
tar: Exiting with failure status due to previous errors

Could not unpack /media/sysadmin/B363-29E6/LtspJuly2020Update/July2020LtspUpdate.run

+++++ End +++++


********** July2020RunnerUpdate-0715-0957 **********
    
--- July2020RunnerUpdate -- main-server -- 0715-0957 ---

 +++++ Actions Log Entries +++++
New compression program zstd and runner program installed
  -------- Successful run. --------

 +++++ Error Log Entries +++++
dpkg: error: requested operation requires superuser privilege
dpkg: error: requested operation requires superuser privilege

+++++ End +++++


********** July2020LtspUpdate-0715-0958 **********
    
--- July2020LtspUpdate -- main-server -- 0715-0958 ---

 +++++ Actions Log Entries +++++

 +++++ Error Log Entries +++++
/usr/local/bin/runner: line 228: /usr/bin/zstdcat: No such file or directory
tar: This does not look like a tar archive
tar: Exiting with failure status due to previous errors
/usr/bin/lzcat: /media/sysadmin/B363-29E6/LtspJuly2020Update/July2020LtspUpdate.run: File format not recognized
tar: This does not look like a tar archive
tar: Exiting with failure status due to previous errors

Could not unpack /media/sysadmin/B363-29E6/LtspJuly2020Update/July2020LtspUpdate.run

+++++ End +++++


********** NewJuly2020RunnerUpdate-0720-0759 **********
    
--- NewJuly2020RunnerUpdate -- main-server -- 0720-0759 ---

 +++++ Actions Log Entries +++++
  ---- Performing Test ----
Test if command exists. Next line should be "/usr/bin/zstdcat"
Executable not found in normal path
  -------- Failed run. --------

 +++++ Error Log Entries +++++
rsync: chgrp "/." failed: Operation not permitted (1)
rsync: chgrp "/usr" failed: Operation not permitted (1)
rsync: chgrp "/usr/bin" failed: Operation not permitted (1)
rsync: symlink "/usr/bin/unzstd" -> "zstd" failed: Permission denied (13)
rsync: symlink "/usr/bin/zstdcat" -> "zstd" failed: Permission denied (13)
rsync: symlink "/usr/bin/zstdmt" -> "zstd" failed: Permission denied (13)
rsync: chgrp "/usr/lib" failed: Operation not permitted (1)
rsync: chgrp "/usr/lib/x86_64-linux-gnu" failed: Operation not permitted (1)
rsync: symlink "/usr/lib/x86_64-linux-gnu/libzstd.so.1" -> "libzstd.so.1.3.1" failed: Permission denied (13)
rsync: chgrp "/usr/share" failed: Operation not permitted (1)
rsync: chgrp "/usr/share/doc" failed: Operation not permitted (1)
rsync: recv_generator: mkdir "/usr/share/doc/libzstd1" failed: Permission denied (13)
*** Skipping any contents from this failed directory ***
rsync: recv_generator: mkdir "/usr/share/doc/zstd" failed: Permission denied (13)
*** Skipping any contents from this failed directory ***
rsync: chgrp "/usr/share/man" failed: Operation not permitted (1)
rsync: chgrp "/usr/share/man/man1" failed: Operation not permitted (1)
rsync: chgrp "/var" failed: Operation not permitted (1)
rsync: chgrp "/var/lib" failed: Operation not permitted (1)
rsync: chgrp "/var/lib/dpkg" failed: Operation not permitted (1)
rsync: chgrp "/var/lib/dpkg/info" failed: Operation not permitted (1)
rsync: mkstemp "/usr/bin/.pzstd.70pAqV" failed: Permission denied (13)
rsync: mkstemp "/usr/bin/.zstd.GhxkEG" failed: Permission denied (13)
rsync: mkstemp "/usr/bin/.zstdgrep.lBDjSr" failed: Permission denied (13)
rsync: mkstemp "/usr/bin/.zstdless.CcWi6c" failed: Permission denied (13)
rsync: mkstemp "/usr/lib/x86_64-linux-gnu/.libzstd.so.1.3.1.bWhikY" failed: Permission denied (13)
rsync: mkstemp "/usr/share/man/man1/.pzstd.1.gz.hU4zRu" failed: Permission denied (13)
rsync: mkstemp "/usr/share/man/man1/.unzstd.1.gz.wVNYcg" failed: Permission denied (13)
rsync: mkstemp "/usr/share/man/man1/.zstd.1.gz.lSOny1" failed: Permission denied (13)
rsync: mkstemp "/usr/share/man/man1/.zstdcat.1.gz.UQ3MTM" failed: Permission denied (13)
rsync: mkstemp "/var/lib/dpkg/info/.libzstd1.list.X04dfy" failed: Permission denied (13)
rsync: mkstemp "/var/lib/dpkg/info/.libzstd1.md5sums.gRy5Bj" failed: Permission denied (13)
rsync: mkstemp "/var/lib/dpkg/info/.libzstd1.shlibs.h86xZ4" failed: Permission denied (13)
rsync: mkstemp "/var/lib/dpkg/info/.libzstd1.triggers.MOL1mQ" failed: Permission denied (13)
rsync: mkstemp "/var/lib/dpkg/info/.zstd.list.1yvwKB" failed: Permission denied (13)
rsync: mkstemp "/var/lib/dpkg/info/.zstd.md5sums.8hh17m" failed: Permission denied (13)
rsync error: some files/attrs were not transferred (see previous errors) (code 23) at main.c(1183) [sender=3.1.1]
  ---- Performing Test ----
  -------- Failed run. --------

+++++ End +++++


********** July2020RunnerUpdate-0720-0801 **********
    
--- July2020RunnerUpdate -- main-server -- 0720-0801 ---

 +++++ Actions Log Entries +++++
New compression program zstd and runner program installed
  -------- Successful run. --------

 +++++ Error Log Entries +++++
dpkg: error: requested operation requires superuser privilege
dpkg: error: requested operation requires superuser privilege

+++++ End +++++


********** July2020LtspUpdate-0720-0801 **********
    
--- July2020LtspUpdate -- main-server -- 0720-0801 ---

 +++++ Actions Log Entries +++++

 +++++ Error Log Entries +++++
/usr/local/bin/runner: line 228: /usr/bin/zstdcat: No such file or directory
tar: This does not look like a tar archive
tar: Exiting with failure status due to previous errors
/usr/bin/lzcat: /media/sysadmin/B363-29E6/LtspJuly2020Update/July2020LtspUpdate.run: File format not recognized
tar: This does not look like a tar archive
tar: Exiting with failure status due to previous errors

Could not unpack /media/sysadmin/B363-29E6/LtspJuly2020Update/July2020LtspUpdate.run

+++++ End +++++


********** NewJuly2020RunnerUpdate-0720-0802 **********
    
--- NewJuly2020RunnerUpdate -- main-server -- 0720-0802 ---

 +++++ Actions Log Entries +++++
  ---- Performing Test ----
Test if command exists. Next line should be "/usr/bin/zstdcat"
Executable not found in normal path
  -------- Failed run. --------

 +++++ Error Log Entries +++++
rsync: chgrp "/." failed: Operation not permitted (1)
rsync: chgrp "/usr" failed: Operation not permitted (1)
rsync: chgrp "/usr/bin" failed: Operation not permitted (1)
rsync: symlink "/usr/bin/unzstd" -> "zstd" failed: Permission denied (13)
rsync: symlink "/usr/bin/zstdcat" -> "zstd" failed: Permission denied (13)
rsync: symlink "/usr/bin/zstdmt" -> "zstd" failed: Permission denied (13)
rsync: chgrp "/usr/lib" failed: Operation not permitted (1)
rsync: chgrp "/usr/lib/x86_64-linux-gnu" failed: Operation not permitted (1)
rsync: symlink "/usr/lib/x86_64-linux-gnu/libzstd.so.1" -> "libzstd.so.1.3.1" failed: Permission denied (13)
rsync: chgrp "/usr/share" failed: Operation not permitted (1)
rsync: chgrp "/usr/share/doc" failed: Operation not permitted (1)
rsync: recv_generator: mkdir "/usr/share/doc/libzstd1" failed: Permission denied (13)
*** Skipping any contents from this failed directory ***
rsync: recv_generator: mkdir "/usr/share/doc/zstd" failed: Permission denied (13)
*** Skipping any contents from this failed directory ***
rsync: chgrp "/usr/share/man" failed: Operation not permitted (1)
rsync: chgrp "/usr/share/man/man1" failed: Operation not permitted (1)
rsync: chgrp "/var" failed: Operation not permitted (1)
rsync: chgrp "/var/lib" failed: Operation not permitted (1)
rsync: chgrp "/var/lib/dpkg" failed: Operation not permitted (1)
rsync: chgrp "/var/lib/dpkg/info" failed: Operation not permitted (1)
rsync: mkstemp "/usr/bin/.pzstd.5izHB0" failed: Permission denied (13)
rsync: mkstemp "/usr/bin/.zstd.yf9U3w" failed: Permission denied (13)
rsync: mkstemp "/usr/bin/.zstdgrep.xWdlw3" failed: Permission denied (13)
rsync: mkstemp "/usr/bin/.zstdless.ATvLYz" failed: Permission denied (13)
rsync: mkstemp "/usr/lib/x86_64-linux-gnu/.libzstd.so.1.3.1.9zPbr6" failed: Permission denied (13)
rsync: mkstemp "/usr/share/man/man1/.pzstd.1.gz.xXgrm9" failed: Permission denied (13)
rsync: mkstemp "/usr/share/man/man1/.unzstd.1.gz.SGP4OF" failed: Permission denied (13)
rsync: mkstemp "/usr/share/man/man1/.zstd.1.gz.7XAIhc" failed: Permission denied (13)
rsync: mkstemp "/usr/share/man/man1/.zstdcat.1.gz.cyvmKI" failed: Permission denied (13)
rsync: mkstemp "/var/lib/dpkg/info/.libzstd1.list.RjB0cf" failed: Permission denied (13)
rsync: mkstemp "/var/lib/dpkg/info/.libzstd1.md5sums.KjJEFL" failed: Permission denied (13)
rsync: mkstemp "/var/lib/dpkg/info/.libzstd1.shlibs.n90i8h" failed: Permission denied (13)
rsync: mkstemp "/var/lib/dpkg/info/.libzstd1.triggers.iMoXAO" failed: Permission denied (13)
rsync: mkstemp "/var/lib/dpkg/info/.zstd.list.bZPB3k" failed: Permission denied (13)
rsync: mkstemp "/var/lib/dpkg/info/.zstd.md5sums.ucigwR" failed: Permission denied (13)
rsync error: some files/attrs were not transferred (see previous errors) (code 23) at main.c(1183) [sender=3.1.1]
  ---- Performing Test ----
  -------- Failed run. --------

+++++ End +++++


********** NewJuly2020RunnerUpdate-0720-0803 **********
    
--- NewJuly2020RunnerUpdate -- main-server -- 0720-0803 ---

 +++++ Actions Log Entries +++++
  ---- Performing Test ----
Test if command exists. Next line should be "/usr/bin/zstdcat"
Executable not found in normal path
  -------- Failed run. --------

 +++++ Error Log Entries +++++
rsync: chgrp "/." failed: Operation not permitted (1)
rsync: chgrp "/usr" failed: Operation not permitted (1)
rsync: chgrp "/usr/bin" failed: Operation not permitted (1)
rsync: symlink "/usr/bin/unzstd" -> "zstd" failed: Permission denied (13)
rsync: symlink "/usr/bin/zstdcat" -> "zstd" failed: Permission denied (13)
rsync: symlink "/usr/bin/zstdmt" -> "zstd" failed: Permission denied (13)
rsync: chgrp "/usr/lib" failed: Operation not permitted (1)
rsync: chgrp "/usr/lib/x86_64-linux-gnu" failed: Operation not permitted (1)
rsync: symlink "/usr/lib/x86_64-linux-gnu/libzstd.so.1" -> "libzstd.so.1.3.1" failed: Permission denied (13)
rsync: chgrp "/usr/share" failed: Operation not permitted (1)
rsync: chgrp "/usr/share/doc" failed: Operation not permitted (1)
rsync: recv_generator: mkdir "/usr/share/doc/libzstd1" failed: Permission denied (13)
*** Skipping any contents from this failed directory ***
rsync: recv_generator: mkdir "/usr/share/doc/zstd" failed: Permission denied (13)
*** Skipping any contents from this failed directory ***
rsync: chgrp "/usr/share/man" failed: Operation not permitted (1)
rsync: chgrp "/usr/share/man/man1" failed: Operation not permitted (1)
rsync: chgrp "/var" failed: Operation not permitted (1)
rsync: chgrp "/var/lib" failed: Operation not permitted (1)
rsync: chgrp "/var/lib/dpkg" failed: Operation not permitted (1)
rsync: chgrp "/var/lib/dpkg/info" failed: Operation not permitted (1)
rsync: mkstemp "/usr/bin/.pzstd.hwDg9I" failed: Permission denied (13)
rsync: mkstemp "/usr/bin/.zstd.jUq6Rp" failed: Permission denied (13)
rsync: mkstemp "/usr/bin/.zstdgrep.nwG8A6" failed: Permission denied (13)
rsync: mkstemp "/usr/bin/.zstdless.p76akN" failed: Permission denied (13)
rsync: mkstemp "/usr/lib/x86_64-linux-gnu/.libzstd.so.1.3.1.jYCd3t" failed: Permission denied (13)
rsync: mkstemp "/usr/share/man/man1/.pzstd.1.gz.tZurMa" failed: Permission denied (13)
rsync: mkstemp "/usr/share/man/man1/.unzstd.1.gz.R3uFvR" failed: Permission denied (13)
rsync: mkstemp "/usr/share/man/man1/.zstd.1.gz.peyTey" failed: Permission denied (13)
rsync: mkstemp "/usr/share/man/man1/.zstdcat.1.gz.jRN7Xe" failed: Permission denied (13)
rsync: mkstemp "/var/lib/dpkg/info/.libzstd1.list.BhimHV" failed: Permission denied (13)
rsync: mkstemp "/var/lib/dpkg/info/.libzstd1.md5sums.52OAqC" failed: Permission denied (13)
rsync: mkstemp "/var/lib/dpkg/info/.libzstd1.shlibs.XcrP9i" failed: Permission denied (13)
rsync: mkstemp "/var/lib/dpkg/info/.libzstd1.triggers.vOc4SZ" failed: Permission denied (13)
rsync: mkstemp "/var/lib/dpkg/info/.zstd.list.jp2iCG" failed: Permission denied (13)
rsync: mkstemp "/var/lib/dpkg/info/.zstd.md5sums.ZmXxln" failed: Permission denied (13)
rsync error: some files/attrs were not transferred (see previous errors) (code 23) at main.c(1183) [sender=3.1.1]
  ---- Performing Test ----
  -------- Failed run. --------

+++++ End +++++


********** NewJuly2020RunnerUpdate-0720-0804 **********
    
--- NewJuly2020RunnerUpdate -- main-server -- 0720-0804 ---

 +++++ Actions Log Entries +++++
  ---- Performing Test ----
Test if command exists. Next line should be "/usr/bin/zstdcat"
Executable not found in normal path
  -------- Failed run. --------

 +++++ Error Log Entries +++++
rsync: chgrp "/." failed: Operation not permitted (1)
rsync: chgrp "/usr" failed: Operation not permitted (1)
rsync: chgrp "/usr/bin" failed: Operation not permitted (1)
rsync: symlink "/usr/bin/unzstd" -> "zstd" failed: Permission denied (13)
rsync: symlink "/usr/bin/zstdcat" -> "zstd" failed: Permission denied (13)
rsync: symlink "/usr/bin/zstdmt" -> "zstd" failed: Permission denied (13)
rsync: chgrp "/usr/lib" failed: Operation not permitted (1)
rsync: chgrp "/usr/lib/x86_64-linux-gnu" failed: Operation not permitted (1)
rsync: symlink "/usr/lib/x86_64-linux-gnu/libzstd.so.1" -> "libzstd.so.1.3.1" failed: Permission denied (13)
rsync: chgrp "/usr/share" failed: Operation not permitted (1)
rsync: chgrp "/usr/share/doc" failed: Operation not permitted (1)
rsync: recv_generator: mkdir "/usr/share/doc/libzstd1" failed: Permission denied (13)
*** Skipping any contents from this failed directory ***
rsync: recv_generator: mkdir "/usr/share/doc/zstd" failed: Permission denied (13)
*** Skipping any contents from this failed directory ***
rsync: chgrp "/usr/share/man" failed: Operation not permitted (1)
rsync: chgrp "/usr/share/man/man1" failed: Operation not permitted (1)
rsync: chgrp "/var" failed: Operation not permitted (1)
rsync: chgrp "/var/lib" failed: Operation not permitted (1)
rsync: chgrp "/var/lib/dpkg" failed: Operation not permitted (1)
rsync: chgrp "/var/lib/dpkg/info" failed: Operation not permitted (1)
rsync: mkstemp "/usr/bin/.pzstd.CP0hFc" failed: Permission denied (13)
rsync: mkstemp "/usr/bin/.zstd.l9LknO" failed: Permission denied (13)
rsync: mkstemp "/usr/bin/.zstdgrep.s5LC5p" failed: Permission denied (13)
rsync: mkstemp "/usr/bin/.zstdless.9Y3UN1" failed: Permission denied (13)
rsync: mkstemp "/usr/lib/x86_64-linux-gnu/.libzstd.so.1.3.1.0NodwD" failed: Permission denied (13)
rsync: mkstemp "/usr/share/man/man1/.pzstd.1.gz.VUjIef" failed: Permission denied (13)
rsync: mkstemp "/usr/share/man/man1/.unzstd.1.gz.aNtdXQ" failed: Permission denied (13)
rsync: mkstemp "/usr/share/man/man1/.zstd.1.gz.j2FIFs" failed: Permission denied (13)
rsync: mkstemp "/usr/share/man/man1/.zstdcat.1.gz.CN4do4" failed: Permission denied (13)
rsync: mkstemp "/var/lib/dpkg/info/.libzstd1.list.xjAJ6F" failed: Permission denied (13)
rsync: mkstemp "/var/lib/dpkg/info/.libzstd1.md5sums.cdifPh" failed: Permission denied (13)
rsync: mkstemp "/var/lib/dpkg/info/.libzstd1.shlibs.Ro1KxT" failed: Permission denied (13)
rsync: mkstemp "/var/lib/dpkg/info/.libzstd1.triggers.0cOggv" failed: Permission denied (13)
rsync: mkstemp "/var/lib/dpkg/info/.zstd.list.FzGMY6" failed: Permission denied (13)
rsync: mkstemp "/var/lib/dpkg/info/.zstd.md5sums.MWGiHI" failed: Permission denied (13)
rsync error: some files/attrs were not transferred (see previous errors) (code 23) at main.c(1183) [sender=3.1.1]
  ---- Performing Test ----
  -------- Failed run. --------

+++++ End +++++


********** NewJuly2020RunnerUpdate-0720-0806 **********
    
--- NewJuly2020RunnerUpdate -- main-server -- 0720-0806 ---

 +++++ Actions Log Entries +++++
  ---- Performing Test ----
Test if command exists. Next line should be "/usr/bin/zstdcat"
Executable not found in normal path
  -------- Failed run. --------

 +++++ Error Log Entries +++++
rsync: chgrp "/." failed: Operation not permitted (1)
rsync: chgrp "/usr" failed: Operation not permitted (1)
rsync: chgrp "/usr/bin" failed: Operation not permitted (1)
rsync: symlink "/usr/bin/unzstd" -> "zstd" failed: Permission denied (13)
rsync: symlink "/usr/bin/zstdcat" -> "zstd" failed: Permission denied (13)
rsync: symlink "/usr/bin/zstdmt" -> "zstd" failed: Permission denied (13)
rsync: chgrp "/usr/lib" failed: Operation not permitted (1)
rsync: chgrp "/usr/lib/x86_64-linux-gnu" failed: Operation not permitted (1)
rsync: symlink "/usr/lib/x86_64-linux-gnu/libzstd.so.1" -> "libzstd.so.1.3.1" failed: Permission denied (13)
rsync: chgrp "/usr/share" failed: Operation not permitted (1)
rsync: chgrp "/usr/share/doc" failed: Operation not permitted (1)
rsync: recv_generator: mkdir "/usr/share/doc/libzstd1" failed: Permission denied (13)
*** Skipping any contents from this failed directory ***
rsync: recv_generator: mkdir "/usr/share/doc/zstd" failed: Permission denied (13)
*** Skipping any contents from this failed directory ***
rsync: chgrp "/usr/share/man" failed: Operation not permitted (1)
rsync: chgrp "/usr/share/man/man1" failed: Operation not permitted (1)
rsync: chgrp "/var" failed: Operation not permitted (1)
rsync: chgrp "/var/lib" failed: Operation not permitted (1)
rsync: chgrp "/var/lib/dpkg" failed: Operation not permitted (1)
rsync: chgrp "/var/lib/dpkg/info" failed: Operation not permitted (1)
rsync: mkstemp "/usr/bin/.pzstd.1quMQX" failed: Permission denied (13)
rsync: mkstemp "/usr/bin/.zstd.Q0MAFY" failed: Permission denied (13)
rsync: mkstemp "/usr/bin/.zstdgrep.FL1AuZ" failed: Permission denied (13)
rsync: mkstemp "/usr/bin/.zstdless.APyBj0" failed: Permission denied (13)
rsync: mkstemp "/usr/lib/x86_64-linux-gnu/.libzstd.so.1.3.1.rA8B80" failed: Permission denied (13)
rsync: mkstemp "/usr/share/man/man1/.pzstd.1.gz.kvaOX1" failed: Permission denied (13)
rsync: mkstemp "/usr/share/man/man1/.unzstd.1.gz.3Ip0M2" failed: Permission denied (13)
rsync: mkstemp "/usr/share/man/man1/.zstd.1.gz.ybGcC3" failed: Permission denied (13)
rsync: mkstemp "/usr/share/man/man1/.zstdcat.1.gz.ZX9or4" failed: Permission denied (13)
rsync: mkstemp "/var/lib/dpkg/info/.libzstd1.list.0DLBg5" failed: Permission denied (13)
rsync: mkstemp "/var/lib/dpkg/info/.libzstd1.md5sums.zxxO55" failed: Permission denied (13)
rsync: mkstemp "/var/lib/dpkg/info/.libzstd1.shlibs.Icp1U6" failed: Permission denied (13)
rsync: mkstemp "/var/lib/dpkg/info/.libzstd1.triggers.7lkeK7" failed: Permission denied (13)
rsync: mkstemp "/var/lib/dpkg/info/.zstd.list.SAgrz8" failed: Permission denied (13)
rsync: mkstemp "/var/lib/dpkg/info/.zstd.md5sums.7EiEo9" failed: Permission denied (13)
rsync error: some files/attrs were not transferred (see previous errors) (code 23) at main.c(1183) [sender=3.1.1]
  ---- Performing Test ----
  -------- Failed run. --------

+++++ End +++++


********** July2020RunnerUpdate-0720-0809 **********
    
--- July2020RunnerUpdate -- main-server -- 0720-0809 ---

 +++++ Actions Log Entries +++++
New compression program zstd and runner program installed
  -------- Successful run. --------

 +++++ Error Log Entries +++++
dpkg: error: requested operation requires superuser privilege
dpkg: error: requested operation requires superuser privilege

+++++ End +++++


********** NewJuly2020RunnerUpdate-0720-0809 **********
    
--- NewJuly2020RunnerUpdate -- main-server -- 0720-0809 ---

 +++++ Actions Log Entries +++++
  ---- Performing Test ----
Test if command exists. Next line should be "/usr/bin/zstdcat"
Executable not found in normal path
  -------- Failed run. --------

 +++++ Error Log Entries +++++
rsync: chgrp "/." failed: Operation not permitted (1)
rsync: chgrp "/usr" failed: Operation not permitted (1)
rsync: chgrp "/usr/bin" failed: Operation not permitted (1)
rsync: symlink "/usr/bin/unzstd" -> "zstd" failed: Permission denied (13)
rsync: symlink "/usr/bin/zstdcat" -> "zstd" failed: Permission denied (13)
rsync: symlink "/usr/bin/zstdmt" -> "zstd" failed: Permission denied (13)
rsync: chgrp "/usr/lib" failed: Operation not permitted (1)
rsync: chgrp "/usr/lib/x86_64-linux-gnu" failed: Operation not permitted (1)
rsync: symlink "/usr/lib/x86_64-linux-gnu/libzstd.so.1" -> "libzstd.so.1.3.1" failed: Permission denied (13)
rsync: chgrp "/usr/share" failed: Operation not permitted (1)
rsync: chgrp "/usr/share/doc" failed: Operation not permitted (1)
rsync: recv_generator: mkdir "/usr/share/doc/libzstd1" failed: Permission denied (13)
*** Skipping any contents from this failed directory ***
rsync: recv_generator: mkdir "/usr/share/doc/zstd" failed: Permission denied (13)
*** Skipping any contents from this failed directory ***
rsync: chgrp "/usr/share/man" failed: Operation not permitted (1)
rsync: chgrp "/usr/share/man/man1" failed: Operation not permitted (1)
rsync: chgrp "/var" failed: Operation not permitted (1)
rsync: chgrp "/var/lib" failed: Operation not permitted (1)
rsync: chgrp "/var/lib/dpkg" failed: Operation not permitted (1)
rsync: chgrp "/var/lib/dpkg/info" failed: Operation not permitted (1)
rsync: mkstemp "/usr/bin/.pzstd.DcHQoi" failed: Permission denied (13)
rsync: mkstemp "/usr/bin/.zstd.tUcGdo" failed: Permission denied (13)
rsync: mkstemp "/usr/bin/.zstdgrep.9npK2t" failed: Permission denied (13)
rsync: mkstemp "/usr/bin/.zstdless.N5MORz" failed: Permission denied (13)
rsync: mkstemp "/usr/lib/x86_64-linux-gnu/.libzstd.so.1.3.1.JAlTGF" failed: Permission denied (13)
rsync: mkstemp "/usr/share/man/man1/.pzstd.1.gz.1yAtlR" failed: Permission denied (13)
rsync: mkstemp "/usr/share/man/man1/.unzstd.1.gz.BaLMaX" failed: Permission denied (13)
rsync: mkstemp "/usr/share/man/man1/.zstd.1.gz.h4Y5Z2" failed: Permission denied (13)
rsync: mkstemp "/usr/share/man/man1/.zstdcat.1.gz.noppP8" failed: Permission denied (13)
rsync: mkstemp "/var/lib/dpkg/info/.libzstd1.list.nZ4IEe" failed: Permission denied (13)
rsync: mkstemp "/var/lib/dpkg/info/.libzstd1.md5sums.JsM2tk" failed: Permission denied (13)
rsync: mkstemp "/var/lib/dpkg/info/.libzstd1.shlibs.PiFmjq" failed: Permission denied (13)
rsync: mkstemp "/var/lib/dpkg/info/.libzstd1.triggers.XRBG8v" failed: Permission denied (13)
rsync: mkstemp "/var/lib/dpkg/info/.zstd.list.72z0XB" failed: Permission denied (13)
rsync: mkstemp "/var/lib/dpkg/info/.zstd.md5sums.TJCkNH" failed: Permission denied (13)
rsync error: some files/attrs were not transferred (see previous errors) (code 23) at main.c(1183) [sender=3.1.1]
  ---- Performing Test ----
  -------- Failed run. --------

+++++ End +++++


********** July2020RunnerUpdate-0720-0816 **********
    
--- July2020RunnerUpdate -- main-server -- 0720-0816 ---

 +++++ Actions Log Entries +++++
New compression program zstd and runner program installed
  -------- Successful run. --------

 +++++ Error Log Entries +++++
dpkg: error: requested operation requires superuser privilege
dpkg: error: requested operation requires superuser privilege

+++++ End +++++


********** July2020LtspUpdate-0720-0817 **********
    
--- July2020LtspUpdate -- main-server -- 0720-0817 ---

 +++++ Actions Log Entries +++++

 +++++ Error Log Entries +++++
/usr/local/bin/runner: line 228: /usr/bin/zstdcat: No such file or directory
tar: This does not look like a tar archive
tar: Exiting with failure status due to previous errors
/usr/bin/lzcat: /media/sysadmin/B363-29E6/LtspJuly2020Update/July2020LtspUpdate.run: File format not recognized
tar: This does not look like a tar archive
tar: Exiting with failure status due to previous errors

Could not unpack /media/sysadmin/B363-29E6/LtspJuly2020Update/July2020LtspUpdate.run

+++++ End +++++


********** NewJuly2020RunnerUpdate-0720-0828 **********
    
--- NewJuly2020RunnerUpdate -- main-server -- 0720-0828 ---

 +++++ Actions Log Entries +++++
  ---- Performing Test ----
Test if command exists. Next line should be "/usr/bin/zstdcat"
Executable not found in normal path
  -------- Failed run. --------

 +++++ Error Log Entries +++++
rsync: chgrp "/." failed: Operation not permitted (1)
rsync: chgrp "/usr" failed: Operation not permitted (1)
rsync: chgrp "/usr/bin" failed: Operation not permitted (1)
rsync: symlink "/usr/bin/unzstd" -> "zstd" failed: Permission denied (13)
rsync: symlink "/usr/bin/zstdcat" -> "zstd" failed: Permission denied (13)
rsync: symlink "/usr/bin/zstdmt" -> "zstd" failed: Permission denied (13)
rsync: chgrp "/usr/lib" failed: Operation not permitted (1)
rsync: chgrp "/usr/lib/x86_64-linux-gnu" failed: Operation not permitted (1)
rsync: symlink "/usr/lib/x86_64-linux-gnu/libzstd.so.1" -> "libzstd.so.1.3.1" failed: Permission denied (13)
rsync: chgrp "/usr/share" failed: Operation not permitted (1)
rsync: chgrp "/usr/share/doc" failed: Operation not permitted (1)
rsync: recv_generator: mkdir "/usr/share/doc/libzstd1" failed: Permission denied (13)
*** Skipping any contents from this failed directory ***
rsync: recv_generator: mkdir "/usr/share/doc/zstd" failed: Permission denied (13)
*** Skipping any contents from this failed directory ***
rsync: chgrp "/usr/share/man" failed: Operation not permitted (1)
rsync: chgrp "/usr/share/man/man1" failed: Operation not permitted (1)
rsync: chgrp "/var" failed: Operation not permitted (1)
rsync: chgrp "/var/lib" failed: Operation not permitted (1)
rsync: chgrp "/var/lib/dpkg" failed: Operation not permitted (1)
rsync: chgrp "/var/lib/dpkg/info" failed: Operation not permitted (1)
rsync: mkstemp "/usr/bin/.pzstd.6DQTm4" failed: Permission denied (13)
rsync: mkstemp "/usr/bin/.zstd.DWmPxh" failed: Permission denied (13)
rsync: mkstemp "/usr/bin/.zstdgrep.IqoXIu" failed: Permission denied (13)
rsync: mkstemp "/usr/bin/.zstdless.rfB5TH" failed: Permission denied (13)
rsync: mkstemp "/usr/lib/x86_64-linux-gnu/.libzstd.so.1.3.1.waZd5U" failed: Permission denied (13)
rsync: mkstemp "/usr/share/man/man1/.pzstd.1.gz.4QnTrl" failed: Permission denied (13)
rsync: mkstemp "/usr/share/man/man1/.unzstd.1.gz.dRZeDy" failed: Permission denied (13)
rsync: mkstemp "/usr/share/man/man1/.zstd.1.gz.EoMAOL" failed: Permission denied (13)
rsync: mkstemp "/usr/share/man/man1/.zstdcat.1.gz.j20WZY" failed: Permission denied (13)
rsync: mkstemp "/var/lib/dpkg/info/.libzstd1.list.URnjbc" failed: Permission denied (13)
rsync: mkstemp "/var/lib/dpkg/info/.libzstd1.md5sums.vuVFmp" failed: Permission denied (13)
rsync: mkstemp "/var/lib/dpkg/info/.libzstd1.shlibs.Whw2xC" failed: Permission denied (13)
rsync: mkstemp "/var/lib/dpkg/info/.libzstd1.triggers.DzhpJP" failed: Permission denied (13)
rsync: mkstemp "/var/lib/dpkg/info/.zstd.list.ym7LU2" failed: Permission denied (13)
rsync: mkstemp "/var/lib/dpkg/info/.zstd.md5sums.Fq085f" failed: Permission denied (13)
rsync error: some files/attrs were not transferred (see previous errors) (code 23) at main.c(1183) [sender=3.1.1]
  ---- Performing Test ----
  -------- Failed run. --------

+++++ End +++++


********** NewJuly2020RunnerUpdate-0720-0833 **********
    
--- NewJuly2020RunnerUpdate -- main-server -- 0720-0833 ---

 +++++ Actions Log Entries +++++
  ---- Performing Test ----
Test if command exists. Next line should be "/usr/bin/zstdcat"
Executable not found in normal path
  -------- Failed run. --------

 +++++ Error Log Entries +++++
rsync: chgrp "/." failed: Operation not permitted (1)
rsync: chgrp "/usr" failed: Operation not permitted (1)
rsync: chgrp "/usr/bin" failed: Operation not permitted (1)
rsync: symlink "/usr/bin/unzstd" -> "zstd" failed: Permission denied (13)
rsync: symlink "/usr/bin/zstdcat" -> "zstd" failed: Permission denied (13)
rsync: symlink "/usr/bin/zstdmt" -> "zstd" failed: Permission denied (13)
rsync: chgrp "/usr/lib" failed: Operation not permitted (1)
rsync: chgrp "/usr/lib/x86_64-linux-gnu" failed: Operation not permitted (1)
rsync: symlink "/usr/lib/x86_64-linux-gnu/libzstd.so.1" -> "libzstd.so.1.3.1" failed: Permission denied (13)
rsync: chgrp "/usr/share" failed: Operation not permitted (1)
rsync: chgrp "/usr/share/doc" failed: Operation not permitted (1)
rsync: recv_generator: mkdir "/usr/share/doc/libzstd1" failed: Permission denied (13)
*** Skipping any contents from this failed directory ***
rsync: recv_generator: mkdir "/usr/share/doc/zstd" failed: Permission denied (13)
*** Skipping any contents from this failed directory ***
rsync: chgrp "/usr/share/man" failed: Operation not permitted (1)
rsync: chgrp "/usr/share/man/man1" failed: Operation not permitted (1)
rsync: chgrp "/var" failed: Operation not permitted (1)
rsync: chgrp "/var/lib" failed: Operation not permitted (1)
rsync: chgrp "/var/lib/dpkg" failed: Operation not permitted (1)
rsync: chgrp "/var/lib/dpkg/info" failed: Operation not permitted (1)
rsync: mkstemp "/usr/bin/.pzstd.WVs6XN" failed: Permission denied (13)
rsync: mkstemp "/usr/bin/.zstd.bGXMRN" failed: Permission denied (13)
rsync: mkstemp "/usr/bin/.zstdgrep.UErNLN" failed: Permission denied (13)
rsync: mkstemp "/usr/bin/.zstdless.ldkOFN" failed: Permission denied (13)
rsync: mkstemp "/usr/lib/x86_64-linux-gnu/.libzstd.so.1.3.1.SLdPzN" failed: Permission denied (13)
rsync: mkstemp "/usr/share/man/man1/.pzstd.1.gz.dXt3tN" failed: Permission denied (13)
rsync: mkstemp "/usr/share/man/man1/.unzstd.1.gz.6AWhoN" failed: Permission denied (13)
rsync: mkstemp "/usr/share/man/man1/.zstd.1.gz.DErwiN" failed: Permission denied (13)
rsync: mkstemp "/usr/share/man/man1/.zstdcat.1.gz.MO9KcN" failed: Permission denied (13)
rsync: mkstemp "/var/lib/dpkg/info/.libzstd1.list.vW0Z6M" failed: Permission denied (13)
rsync: mkstemp "/var/lib/dpkg/info/.libzstd1.md5sums.oM1e1M" failed: Permission denied (13)
rsync: mkstemp "/var/lib/dpkg/info/.libzstd1.shlibs.D05tVM" failed: Permission denied (13)
rsync: mkstemp "/var/lib/dpkg/info/.libzstd1.triggers.wheJPM" failed: Permission denied (13)
rsync: mkstemp "/var/lib/dpkg/info/.zstd.list.bGqYJM" failed: Permission denied (13)
rsync: mkstemp "/var/lib/dpkg/info/.zstd.md5sums.4NOdEM" failed: Permission denied (13)
rsync error: some files/attrs were not transferred (see previous errors) (code 23) at main.c(1183) [sender=3.1.1]
  ---- Performing Test ----
  -------- Failed run. --------

+++++ End +++++


********** July2020RunnerUpdatev3-0724-0908 **********
    
--- July2020RunnerUpdatev3 -- main-server -- 0724-0908 ---

 +++++ Actions Log Entries +++++
  ---- Running As Superuser ----
  ---- Performing Test ----
  ---- Testing As Superuser ----
Test if command exists. Next line should be "/usr/bin/zstdcat"
/usr/bin/zstdcat
Command in place and executable.

Testing command
Command completed wthout error.

Checking uncompressed file
File uncompressed successfully.

Test Successful
  -------- Successful run. --------

 +++++ Error Log Entries +++++
  ---- Performing Test ----

+++++ End +++++


********** July2020LtspUpdatev1-0724-0909 **********
    
--- July2020LtspUpdatev1 -- main-server -- 0724-0909 ---

 +++++ Actions Log Entries +++++
  ---- Running As Superuser ----
rsyncing additional content in /opt to add new Libreoffice
completion status 0
rsyncing files in /usr to add new Libreoffice, update buildStudentHomeDirectories, updateStudentList, etc
completion status 0
rebuilding student image from student.tgz
completed student_image build
Finished update.
  -------- Successful run. --------

+++++ End +++++


********** Aug2020RunnerUpdatev1-0803-1302 **********
    
--- Aug2020RunnerUpdatev1 -- main-server -- 0803-1302 ---

 +++++ Actions Log Entries +++++
  ---- Running As Superuser ----
>> Starting package install
Selecting previously unselected package libzstd1.
(Reading database ... 399710 files and directories currently installed.)
Preparing to unpack libzstd1_1.3.1+dfsg-1~ubuntu0.16.04.1_amd64.deb ...
Unpacking libzstd1 (1.3.1+dfsg-1~ubuntu0.16.04.1) ...
Setting up libzstd1 (1.3.1+dfsg-1~ubuntu0.16.04.1) ...
Processing triggers for libc-bin (2.23-0ubuntu11) ...
  >> libzstd1 install successful
Selecting previously unselected package zstd.
(Reading database ... 399715 files and directories currently installed.)
Preparing to unpack zstd_1.3.1+dfsg-1~ubuntu0.16.04.1_amd64.deb ...
Unpacking zstd (1.3.1+dfsg-1~ubuntu0.16.04.1) ...
Setting up zstd (1.3.1+dfsg-1~ubuntu0.16.04.1) ...
Processing triggers for man-db (2.7.5-1) ...
  >> zstd install successful
  ---- Performing Test ----
  ---- Testing As Superuser ----
Test if command exists. Next line should be "/usr/bin/zstdcat"
/usr/bin/zstdcat
Command in place and executable.

Testing command
Command completed wthout error.

Checking uncompressed file
File uncompressed successfully.

Test Successful
  -------- Successful run. --------

 +++++ Error Log Entries +++++
  ---- Performing Test ----

+++++ End +++++


********** Aug2020RunnerUpdatev3-0807-0748 **********
    
--- Aug2020RunnerUpdatev3 -- main-server -- 0807-0748 ---

 +++++ Actions Log Entries +++++
  ---- Running As Superuser ----
zstd compression program already installed correctly
------------------- Correcting Directory Ownership and Permissions ----------------
 >>> before chown fixes <<<

---- /
total 136K
drwxr-xr-x   2 root     root     4.0K 04/27/2019 bin
drwxr-xr-x   3 root     root     4.0K 04/27/2019 boot
drwxrwxr-x   2 root     root     4.0K 04/23/2016 cdrom
drwxr-xr-x   9 sysadmin sysadmin 4.0K 02/17/2020 client_home
drwxr-xr-x  37 root     root     4.0K 08/07/2020 client_home_local
drwxr-xr-x  38 root     root     4.0K 07/01/2020 client_home_students
drwxr-xr-x  19 root     root     4.4K 08/07/2020 dev
drwxr-xr-x 180 root     root      12K 08/03/2020 etc
drwxr-xr-x   5 sysadmin sysadmin 4.0K 07/21/2020 home
lrwxrwxrwx   1 root     root       33 04/27/2019 initrd.img -> boot/initrd.img-4.15.0-47-generic
lrwxrwxrwx   1 root     root       33 04/27/2019 initrd.img.old -> boot/initrd.img-4.4.0-145-generic
drwxr-xr-x  24 root     root     4.0K 03/01/2019 lib
drwxr-xr-x   2 root     root     4.0K 03/01/2019 lib64
drwx------   2 root     root      16K 04/23/2016 lost+found
drwxr-xr-x   4 root     root     4.0K 08/07/2020 media
drwxr-xr-x   2 root     root     4.0K 04/21/2016 mnt
drwxrwxr-x   6 master   master   4.0K 07/06/2020 opt
drwxr-xr-x   8 root     root     4.0K 05/07/2013 OS_Copies
dr-xr-xr-x 264 root     root        0 08/07/2020 proc
drwx------  28 root     root     4.0K 09/16/2019 root
drwxr-xr-x  35 root     root     1.2K 08/07/2020 run
drwxr-xr-x   2 root     root     4.0K 04/21/2019 sbin
drwxr-xr-x   2 root     root     4.0K 06/14/2018 snap
drwxr-xr-x  67 proxy    proxy    4.0K 08/07/2020 Squid
drwxr-xr-x   2 root     root     4.0K 04/21/2016 srv
dr-xr-xr-x  13 root     root        0 08/07/2020 sys
drwxrwxrwt  13 root     root      20K 08/07/2020 tmp
drwxr-xr-x   3 root     root     4.0K 07/18/2019 updates
drwxr-xr-x  10 master   master   4.0K 07/06/2020 usr
drwxr-xr-x  16 sysadmin sysadmin 4.0K 01/24/2020 var
lrwxrwxrwx   1 root     root       30 04/27/2019 vmlinuz -> boot/vmlinuz-4.15.0-47-generic
lrwxrwxrwx   1 root     root       30 04/27/2019 vmlinuz.old -> boot/vmlinuz-4.4.0-145-generic

---- /usr
total 136K
drwxr-xr-x   2 root     root      68K 08/03/2020 bin
drwxr-xr-x   2 root     root     4.0K 08/09/2017 games
drwxr-xr-x  74 root     root     4.0K 07/18/2019 include
drwxr-xr-x 174 sysadmin sysadmin  20K 01/24/2020 lib
drwxr-xr-x  10 master   master   4.0K 07/09/2020 local
drwxr-xr-x   2 root     root      20K 04/16/2019 sbin
drwxr-xr-x 411 root     root      12K 07/06/2020 share
drwxr-xr-x  10 root     root     4.0K 04/27/2019 src

---- /opt
total 16K
drwx--x--x 4 root root 4.0K 03/20/2019 containerd
lrwxrwxrwx 1 root root   15 04/27/2016 drbl -> /usr/share/drbl
drwxr-xr-x 8 root root 4.0K 11/30/2016 epson-inkjet-printer-201310w
drwxr-xr-x 7 root root 4.0K 07/03/2020 libreoffice6.4
drwxr-xr-x 5 root root 4.0K 07/18/2019 ltsp

---- /home
total 12K
drwxr-xr-x  3 basicadmin basicadmin 4.0K 03/22/2017 basicadmin
drwxr-xr-x 58 master     master     4.0K 09/16/2019 master
drwxr-xr-x 34 sysadmin   sysadmin   4.0K 08/07/2020 sysadmin

---- /client_home
total 36K
drwxr-xr-x 19 root     teacher  4.0K 02/25/2020 AllUsersShared
drwxr-xr-x 12 sysadmin sysadmin 4.0K 02/16/2020 EducationalMaterial
drwx------  2 root     root      16K 01/18/2018 lost+found
drwxrwxr-x  5 root     sysadmin 4.0K 07/20/2020 share
drwxr-xr-x 38 root     root     4.0K 05/15/2019 teachers
drwxr-x--- 18 root     teacher  4.0K 07/21/2018 TeachersShared

---- /client_home/EducationalMaterial
total 80K
drwxrwxr-x  2 root     root     4.0K 11/04/2014 EssentialHealthClassicsEnglish
drwxrwxr-x  2 root     root     4.0K 11/02/2014 EssentialHealthClassicsKiswahili
drwxrwxr-x  4 root     root     4.0K 04/26/2019 Kahn
drwxrwxr-x  2 root     root      44K 07/30/2013 KahnKiswahili
drwxrwxr-x 11 root     root     4.0K 06/14/2018 PhET
drwxrwxr-x 32 root     root     4.0K 04/29/2019 Rachel
drwxrwxr-x  4 sysadmin sysadmin 4.0K 02/16/2020 TanzanianNationalExams
drwxrwxr-x  2 root     root     4.0K 12/27/2017 TrainingVideos
drwxrwxr-x  4 sysadmin sysadmin 4.0K 03/06/2019 W3SchoolWebsiteCopy
drwxrwxr-x  9 sysadmin sysadmin 4.0K 02/03/2020 WorldPossibleSecondarySchoolResources

---- /client_home/EducationalMaterial/Kahn
total 4.0K
drwxr-xr-x 9 kalite kalite 4.0K 08/07/2020 kalite

---- /usr/local
total 32K
drwxr-xr-x  3 root   root   4.0K 08/03/2020 bin
drwxr-xr-x  6 root   root   4.0K 07/09/2020 etc
drwxr-xr-x  2 root   root   4.0K 04/21/2016 games
drwxr-xr-x  2 root   root   4.0K 09/03/2016 include
drwxr-xr-x  6 root   root   4.0K 07/15/2016 lib
drwxr-xr-x  2 root   root   4.0K 04/21/2016 sbin
drwxr-xr-x 26 master master 4.0K 07/07/2020 share
drwxr-xr-x  2 root   root   4.0K 04/21/2016 src

-- starting chown fixes
>> Fixed run
>> Starting EducationalMaterial (longer wait)
>> Fixed EducationalMaterial
>> Fixed kalite
>> Fixed AllUsersShared
 >>> after chown fixes <<<

---- /
total 136K
drwxr-xr-x   2 root  root  4.0K 04/27/2019 bin
drwxr-xr-x   3 root  root  4.0K 04/27/2019 boot
drwxrwxr-x   2 root  root  4.0K 04/23/2016 cdrom
drwxr-xr-x   9 root  root  4.0K 02/17/2020 client_home
drwxr-xr-x  37 root  root  4.0K 08/07/2020 client_home_local
drwxr-xr-x  38 root  root  4.0K 07/01/2020 client_home_students
drwxr-xr-x  19 root  root  4.4K 08/07/2020 dev
drwxr-xr-x 180 root  root   12K 08/03/2020 etc
drwxr-xr-x   5 root  root  4.0K 07/21/2020 home
lrwxrwxrwx   1 root  root    33 04/27/2019 initrd.img -> boot/initrd.img-4.15.0-47-generic
lrwxrwxrwx   1 root  root    33 04/27/2019 initrd.img.old -> boot/initrd.img-4.4.0-145-generic
drwxr-xr-x  24 root  root  4.0K 03/01/2019 lib
drwxr-xr-x   2 root  root  4.0K 03/01/2019 lib64
drwx------   2 root  root   16K 04/23/2016 lost+found
drwxr-xr-x   4 root  root  4.0K 08/07/2020 media
drwxr-xr-x   2 root  root  4.0K 04/21/2016 mnt
drwxrwxr-x   6 root  root  4.0K 07/06/2020 opt
drwxr-xr-x   8 root  root  4.0K 05/07/2013 OS_Copies
dr-xr-xr-x 261 root  root     0 08/07/2020 proc
drwx------  28 root  root  4.0K 09/16/2019 root
drwxr-xr-x  35 root  root  1.2K 08/07/2020 run
drwxr-xr-x   2 root  root  4.0K 04/21/2019 sbin
drwxr-xr-x   2 root  root  4.0K 06/14/2018 snap
drwxr-xr-x  67 proxy proxy 4.0K 08/07/2020 Squid
drwxr-xr-x   2 root  root  4.0K 04/21/2016 srv
dr-xr-xr-x  13 root  root     0 08/07/2020 sys
drwxrwxrwt  12 root  root   20K 08/07/2020 tmp
drwxr-xr-x   3 root  root  4.0K 07/18/2019 updates
drwxr-xr-x  10 root  root  4.0K 07/06/2020 usr
drwxr-xr-x  16 root  root  4.0K 01/24/2020 var
lrwxrwxrwx   1 root  root    30 04/27/2019 vmlinuz -> boot/vmlinuz-4.15.0-47-generic
lrwxrwxrwx   1 root  root    30 04/27/2019 vmlinuz.old -> boot/vmlinuz-4.4.0-145-generic

---- /usr
total 136K
drwxr-xr-x   2 root root  68K 08/03/2020 bin
drwxr-xr-x   2 root root 4.0K 08/09/2017 games
drwxr-xr-x  74 root root 4.0K 07/18/2019 include
drwxr-xr-x 174 root root  20K 01/24/2020 lib
drwxr-xr-x  10 root root 4.0K 07/09/2020 local
drwxr-xr-x   2 root root  20K 04/16/2019 sbin
drwxr-xr-x 411 root root  12K 07/06/2020 share
drwxr-xr-x  10 root root 4.0K 04/27/2019 src

---- /opt
total 16K
drwx--x--x 4 root root 4.0K 03/20/2019 containerd
lrwxrwxrwx 1 root root   15 04/27/2016 drbl -> /usr/share/drbl
drwxr-xr-x 8 root root 4.0K 11/30/2016 epson-inkjet-printer-201310w
drwxr-xr-x 7 root root 4.0K 07/03/2020 libreoffice6.4
drwxr-xr-x 5 root root 4.0K 07/18/2019 ltsp

---- /home
total 12K
drwxr-xr-x  3 basicadmin basicadmin 4.0K 03/22/2017 basicadmin
drwxr-xr-x 58 master     master     4.0K 09/16/2019 master
drwxr-xr-x 34 sysadmin   sysadmin   4.0K 08/07/2020 sysadmin

---- /client_home
total 36K
drwxr-xr-x 19 root teacher  4.0K 02/25/2020 AllUsersShared
drwxr-xr-x 12 root root     4.0K 02/16/2020 EducationalMaterial
drwx------  2 root root      16K 01/18/2018 lost+found
drwxrwxr-x  5 root sysadmin 4.0K 07/20/2020 share
drwxr-xr-x 38 root root     4.0K 05/15/2019 teachers
drwxr-x--- 18 root teacher  4.0K 07/21/2018 TeachersShared

---- /client_home/EducationalMaterial
total 80K
drwxrwxr-x  2 root root 4.0K 11/04/2014 EssentialHealthClassicsEnglish
drwxrwxr-x  2 root root 4.0K 11/02/2014 EssentialHealthClassicsKiswahili
drwxrwxr-x  4 root root 4.0K 04/26/2019 Kahn
drwxrwxr-x  2 root root  44K 07/30/2013 KahnKiswahili
drwxrwxr-x 11 root root 4.0K 06/14/2018 PhET
drwxrwxr-x 32 root root 4.0K 04/29/2019 Rachel
drwxrwxr-x  4 root root 4.0K 02/16/2020 TanzanianNationalExams
drwxrwxr-x  2 root root 4.0K 12/27/2017 TrainingVideos
drwxrwxr-x  4 root root 4.0K 03/06/2019 W3SchoolWebsiteCopy
drwxrwxr-x  9 root root 4.0K 02/03/2020 WorldPossibleSecondarySchoolResources

---- /client_home/EducationalMaterial/Kahn
total 4.0K
drwxr-xr-x 9 kalite kalite 4.0K 08/07/2020 kalite

---- /usr/local
total 32K
drwxr-xr-x  3 root root 4.0K 08/03/2020 bin
drwxr-xr-x  6 root root 4.0K 07/09/2020 etc
drwxr-xr-x  2 root root 4.0K 04/21/2016 games
drwxr-xr-x  2 root root 4.0K 09/03/2016 include
drwxr-xr-x  6 root root 4.0K 07/15/2016 lib
drwxr-xr-x  2 root root 4.0K 04/21/2016 sbin
drwxr-xr-x 26 root root 4.0K 07/07/2020 share
drwxr-xr-x  2 root root 4.0K 04/21/2016 src

--------------- chown finished ------------
  ---- Performing Test ----
  ---- Testing As Superuser ----
Test if command exists. Next line should be "/usr/bin/zstdcat"
/usr/bin/zstdcat
Command in place and executable.

Testing command
Command completed wthout error.

Checking uncompressed file
File uncompressed successfully.

Test Successful
  -------- Successful run. --------

 +++++ Error Log Entries +++++
  ---- Performing Test ----

+++++ End +++++


********** Aug2020RunnerUpdateV4-0810-1214 **********
    
--- Aug2020RunnerUpdateV4 -- main-server -- 0810-1214 ---

 +++++ Actions Log Entries +++++
  ---- Running As Superuser ----
  >> zstd compression program already installed correctly
-- Updating runner, adding emergencyLogout
-- Performing 'ls -l' of key directories.
   - Check file "/tmp/AugRunnerUpdateLs.txt" for result.
-- Setting ownerships in key areas
   - /
   - /client_home
   - /usr
   - /var
   - /home
  >> Ownership set complete

>>>Finished update.
  ---- Performing Test ----
  ---- Testing As Superuser ----

-- Checking for decompression command 'zstdcat'
  >> Command in place and executable.
-- Testing command
  >> Command completed wthout error.
-- Checking uncompressed file
  >> File uncompressed successfully.
-- Performing 'ls -l' of key directories.
   - Check file "/tmp/AugRunnerUpdateLs.txt" for result.

---- Checking some key file ownerships ----
  - Checking /run
  - Checking /Squid
  - Checking /usr/local
  - Checking /client_home/EducationalMaterial
  - Checking /client_home/EducationalMaterial/Kahn/kalite
  - Checking /client_home/AllUsersShared
  - Checking /client_home/share
  - Checking /usr/local/share/apps/updateStudentList.py
  - Checking /usr/local/share/apps/SystemMonitor.py
  - Checking /usr/local/share/apps/videoStreamer.py
  - Checking /usr/local/etc/account_templates
  - Checking /home/sysadmin
  -------- Successful run. --------

 +++++ Error Log Entries +++++
  ---- Performing Test ----

+++++ End +++++


********** Aug2020LtspImageUpdateV1-0810-1216 **********
    
--- Aug2020LtspImageUpdateV1 -- main-server -- 0810-1216 ---

 +++++ Actions Log Entries +++++
  ---- Running As Superuser ----
-- Adding libreoffice 6.4.5 to /opt
  >> Libreoffice 6.4 program install successful
-- Updating and correcting /usr/local/share/apps
-- Setting up libreoffice links
-- Updating /etc/rc.local
-- Assuring backup will run
-- Extracting student account image from image tar file
  >> extract successful
-- Rebuilding 30 student accounts.
      It is ok if there are retries on one or more of the
      accounts.
Replaced home directory for student1
Replaced home directory for student2
Replaced home directory for student3
Replaced home directory for student4
Replaced home directory for student5
Replaced home directory for student6
Replaced home directory for student7
Replaced home directory for student8
Replaced home directory for student9
Replaced home directory for student10
Replaced home directory for student11
Replaced home directory for student12
Replaced home directory for student13
Replaced home directory for student14
Replaced home directory for student15
Replaced home directory for student16
Replaced home directory for student17
Replaced home directory for student18
Replaced home directory for student19
Replaced home directory for student20
Replaced home directory for student21
Replaced home directory for student22
Replaced home directory for student23
Replaced home directory for student24
    Retrying rebuild for student25
Replaced home directory for student25
Replaced home directory for student26
Replaced home directory for student27
Replaced home directory for student28
Replaced home directory for student29
Replaced home directory for student30
  >> rebuildStudentHomeDirectories succeeded.

-- Setting ownerships in key areas
   - /
   - /client_home
   - /usr
   - /var
   - /home
  >> Ownership set complete

>>>Finished update.
  ---- Performing Test ----
  ---- Testing As Superuser ----
-- Checking for full installation of libreoffice6.4
  >> libreoffice6.4 installed
  >> Libreoffice link correct.
-- Performing 'ls -l' of key directories.
   - Check file "/tmp/LtspImageUpdateFilesystemLs.txt"
   for result.
---- Checking some key file ownerships ----
  - Checking /run
  - Checking /Squid
  - Checking /usr/local
  - Checking /client_home/EducationalMaterial
  - Checking /client_home/EducationalMaterial/Kahn/kalite
  - Checking /client_home/AllUsersShared
  - Checking /client_home/share
  - Checking /usr/local/share/apps/updateStudentList.py
  - Checking /usr/local/share/apps/SystemMonitor.py
  - Checking /usr/local/share/apps/videoStreamer.py
  - Checking /usr/local/etc/account_templates
  - Checking /home/sysadmin
-- Rebuilding student accounts.
  >> Correct number of student accounts built.
  -------- Successful run. --------

 +++++ Error Log Entries +++++
  ---- Performing Test ----

+++++ End +++++
